<?xml version="1.0" encoding="UTF-8"?>
<testsuite xmlns:xsi="http://www.w3.org/2001/XMLSchema-instance" xsi:noNamespaceSchemaLocation="https://maven.apache.org/surefire/maven-surefire-plugin/xsd/surefire-test-report-3.0.xsd" version="3.0" name="com.it.reee.DockerDemoApplicationTests" time="5.052" tests="1" errors="0" skipped="0" failures="0">
  <properties>
    <property name="java.specification.version" value="17"/>
    <property name="sun.cpu.isalist" value="amd64"/>
    <property name="sun.jnu.encoding" value="GBK"/>
    <property name="java.class.path" value="C:\workspace\docker-demo\target\test-classes;C:\workspace\docker-demo\target\classes;C:\repository\org\springframework\boot\spring-boot-starter-web\3.2.10\spring-boot-starter-web-3.2.10.jar;C:\repository\org\springframework\boot\spring-boot-starter\3.2.10\spring-boot-starter-3.2.10.jar;C:\repository\org\springframework\boot\spring-boot-starter-logging\3.2.10\spring-boot-starter-logging-3.2.10.jar;C:\repository\ch\qos\logback\logback-classic\1.4.14\logback-classic-1.4.14.jar;C:\repository\ch\qos\logback\logback-core\1.4.14\logback-core-1.4.14.jar;C:\repository\org\apache\logging\log4j\log4j-to-slf4j\2.21.1\log4j-to-slf4j-2.21.1.jar;C:\repository\org\apache\logging\log4j\log4j-api\2.21.1\log4j-api-2.21.1.jar;C:\repository\org\slf4j\jul-to-slf4j\2.0.16\jul-to-slf4j-2.0.16.jar;C:\repository\jakarta\annotation\jakarta.annotation-api\2.1.1\jakarta.annotation-api-2.1.1.jar;C:\repository\org\yaml\snakeyaml\2.2\snakeyaml-2.2.jar;C:\repository\org\springframework\boot\spring-boot-starter-json\3.2.10\spring-boot-starter-json-3.2.10.jar;C:\repository\com\fasterxml\jackson\core\jackson-databind\2.15.4\jackson-databind-2.15.4.jar;C:\repository\com\fasterxml\jackson\core\jackson-annotations\2.15.4\jackson-annotations-2.15.4.jar;C:\repository\com\fasterxml\jackson\core\jackson-core\2.15.4\jackson-core-2.15.4.jar;C:\repository\com\fasterxml\jackson\datatype\jackson-datatype-jdk8\2.15.4\jackson-datatype-jdk8-2.15.4.jar;C:\repository\com\fasterxml\jackson\datatype\jackson-datatype-jsr310\2.15.4\jackson-datatype-jsr310-2.15.4.jar;C:\repository\com\fasterxml\jackson\module\jackson-module-parameter-names\2.15.4\jackson-module-parameter-names-2.15.4.jar;C:\repository\org\springframework\boot\spring-boot-starter-tomcat\3.2.10\spring-boot-starter-tomcat-3.2.10.jar;C:\repository\org\apache\tomcat\embed\tomcat-embed-core\10.1.30\tomcat-embed-core-10.1.30.jar;C:\repository\org\apache\tomcat\embed\tomcat-embed-el\10.1.30\tomcat-embed-el-10.1.30.jar;C:\repository\org\apache\tomcat\embed\tomcat-embed-websocket\10.1.30\tomcat-embed-websocket-10.1.30.jar;C:\repository\org\springframework\spring-web\6.1.13\spring-web-6.1.13.jar;C:\repository\org\springframework\spring-beans\6.1.13\spring-beans-6.1.13.jar;C:\repository\io\micrometer\micrometer-observation\1.12.10\micrometer-observation-1.12.10.jar;C:\repository\io\micrometer\micrometer-commons\1.12.10\micrometer-commons-1.12.10.jar;C:\repository\org\springframework\spring-webmvc\6.1.13\spring-webmvc-6.1.13.jar;C:\repository\org\springframework\spring-aop\6.1.13\spring-aop-6.1.13.jar;C:\repository\org\springframework\spring-context\6.1.13\spring-context-6.1.13.jar;C:\repository\org\springframework\spring-expression\6.1.13\spring-expression-6.1.13.jar;C:\repository\org\springframework\boot\spring-boot-devtools\3.2.10\spring-boot-devtools-3.2.10.jar;C:\repository\org\springframework\boot\spring-boot\3.2.10\spring-boot-3.2.10.jar;C:\repository\org\springframework\boot\spring-boot-autoconfigure\3.2.10\spring-boot-autoconfigure-3.2.10.jar;C:\repository\org\projectlombok\lombok\1.18.34\lombok-1.18.34.jar;C:\repository\org\springframework\boot\spring-boot-starter-test\3.2.10\spring-boot-starter-test-3.2.10.jar;C:\repository\org\springframework\boot\spring-boot-test\3.2.10\spring-boot-test-3.2.10.jar;C:\repository\org\springframework\boot\spring-boot-test-autoconfigure\3.2.10\spring-boot-test-autoconfigure-3.2.10.jar;C:\repository\com\jayway\jsonpath\json-path\2.9.0\json-path-2.9.0.jar;C:\repository\org\slf4j\slf4j-api\2.0.16\slf4j-api-2.0.16.jar;C:\repository\jakarta\xml\bind\jakarta.xml.bind-api\4.0.2\jakarta.xml.bind-api-4.0.2.jar;C:\repository\jakarta\activation\jakarta.activation-api\2.1.3\jakarta.activation-api-2.1.3.jar;C:\repository\net\minidev\json-smart\2.5.1\json-smart-2.5.1.jar;C:\repository\net\minidev\accessors-smart\2.5.1\accessors-smart-2.5.1.jar;C:\repository\org\ow2\asm\asm\9.6\asm-9.6.jar;C:\repository\org\assertj\assertj-core\3.24.2\assertj-core-3.24.2.jar;C:\repository\net\bytebuddy\byte-buddy\1.14.19\byte-buddy-1.14.19.jar;C:\repository\org\awaitility\awaitility\4.2.2\awaitility-4.2.2.jar;C:\repository\org\hamcrest\hamcrest\2.2\hamcrest-2.2.jar;C:\repository\org\junit\jupiter\junit-jupiter\5.10.3\junit-jupiter-5.10.3.jar;C:\repository\org\junit\jupiter\junit-jupiter-api\5.10.3\junit-jupiter-api-5.10.3.jar;C:\repository\org\opentest4j\opentest4j\1.3.0\opentest4j-1.3.0.jar;C:\repository\org\junit\platform\junit-platform-commons\1.10.3\junit-platform-commons-1.10.3.jar;C:\repository\org\apiguardian\apiguardian-api\1.1.2\apiguardian-api-1.1.2.jar;C:\repository\org\junit\jupiter\junit-jupiter-params\5.10.3\junit-jupiter-params-5.10.3.jar;C:\repository\org\junit\jupiter\junit-jupiter-engine\5.10.3\junit-jupiter-engine-5.10.3.jar;C:\repository\org\junit\platform\junit-platform-engine\1.10.3\junit-platform-engine-1.10.3.jar;C:\repository\org\mockito\mockito-core\5.7.0\mockito-core-5.7.0.jar;C:\repository\net\bytebuddy\byte-buddy-agent\1.14.19\byte-buddy-agent-1.14.19.jar;C:\repository\org\objenesis\objenesis\3.3\objenesis-3.3.jar;C:\repository\org\mockito\mockito-junit-jupiter\5.7.0\mockito-junit-jupiter-5.7.0.jar;C:\repository\org\skyscreamer\jsonassert\1.5.3\jsonassert-1.5.3.jar;C:\repository\com\vaadin\external\google\android-json\0.0.20131108.vaadin1\android-json-0.0.20131108.vaadin1.jar;C:\repository\org\springframework\spring-core\6.1.13\spring-core-6.1.13.jar;C:\repository\org\springframework\spring-jcl\6.1.13\spring-jcl-6.1.13.jar;C:\repository\org\springframework\spring-test\6.1.13\spring-test-6.1.13.jar;C:\repository\org\xmlunit\xmlunit-core\2.9.1\xmlunit-core-2.9.1.jar;"/>
    <property name="java.vm.vendor" value="Oracle Corporation"/>
    <property name="sun.arch.data.model" value="64"/>
    <property name="user.variant" value=""/>
    <property name="java.vendor.url" value="https://java.oracle.com/"/>
    <property name="user.timezone" value="Asia/Shanghai"/>
    <property name="os.name" value="Windows 11"/>
    <property name="java.vm.specification.version" value="17"/>
    <property name="sun.java.launcher" value="SUN_STANDARD"/>
    <property name="user.country" value="CN"/>
    <property name="sun.boot.library.path" value="C:\Program Files\Java\jdk-17\bin"/>
    <property name="sun.java.command" value="C:\Users\13560\AppData\Local\Temp\surefire11596616337422967664\surefirebooter-20241010144415494_3.jar C:\Users\13560\AppData\Local\Temp\surefire11596616337422967664 2024-10-10T14-44-15_170-jvmRun1 surefire-20241010144415494_1tmp surefire_0-20241010144415494_2tmp"/>
    <property name="jdk.debug" value="release"/>
    <property name="surefire.test.class.path" value="C:\workspace\docker-demo\target\test-classes;C:\workspace\docker-demo\target\classes;C:\repository\org\springframework\boot\spring-boot-starter-web\3.2.10\spring-boot-starter-web-3.2.10.jar;C:\repository\org\springframework\boot\spring-boot-starter\3.2.10\spring-boot-starter-3.2.10.jar;C:\repository\org\springframework\boot\spring-boot-starter-logging\3.2.10\spring-boot-starter-logging-3.2.10.jar;C:\repository\ch\qos\logback\logback-classic\1.4.14\logback-classic-1.4.14.jar;C:\repository\ch\qos\logback\logback-core\1.4.14\logback-core-1.4.14.jar;C:\repository\org\apache\logging\log4j\log4j-to-slf4j\2.21.1\log4j-to-slf4j-2.21.1.jar;C:\repository\org\apache\logging\log4j\log4j-api\2.21.1\log4j-api-2.21.1.jar;C:\repository\org\slf4j\jul-to-slf4j\2.0.16\jul-to-slf4j-2.0.16.jar;C:\repository\jakarta\annotation\jakarta.annotation-api\2.1.1\jakarta.annotation-api-2.1.1.jar;C:\repository\org\yaml\snakeyaml\2.2\snakeyaml-2.2.jar;C:\repository\org\springframework\boot\spring-boot-starter-json\3.2.10\spring-boot-starter-json-3.2.10.jar;C:\repository\com\fasterxml\jackson\core\jackson-databind\2.15.4\jackson-databind-2.15.4.jar;C:\repository\com\fasterxml\jackson\core\jackson-annotations\2.15.4\jackson-annotations-2.15.4.jar;C:\repository\com\fasterxml\jackson\core\jackson-core\2.15.4\jackson-core-2.15.4.jar;C:\repository\com\fasterxml\jackson\datatype\jackson-datatype-jdk8\2.15.4\jackson-datatype-jdk8-2.15.4.jar;C:\repository\com\fasterxml\jackson\datatype\jackson-datatype-jsr310\2.15.4\jackson-datatype-jsr310-2.15.4.jar;C:\repository\com\fasterxml\jackson\module\jackson-module-parameter-names\2.15.4\jackson-module-parameter-names-2.15.4.jar;C:\repository\org\springframework\boot\spring-boot-starter-tomcat\3.2.10\spring-boot-starter-tomcat-3.2.10.jar;C:\repository\org\apache\tomcat\embed\tomcat-embed-core\10.1.30\tomcat-embed-core-10.1.30.jar;C:\repository\org\apache\tomcat\embed\tomcat-embed-el\10.1.30\tomcat-embed-el-10.1.30.jar;C:\repository\org\apache\tomcat\embed\tomcat-embed-websocket\10.1.30\tomcat-embed-websocket-10.1.30.jar;C:\repository\org\springframework\spring-web\6.1.13\spring-web-6.1.13.jar;C:\repository\org\springframework\spring-beans\6.1.13\spring-beans-6.1.13.jar;C:\repository\io\micrometer\micrometer-observation\1.12.10\micrometer-observation-1.12.10.jar;C:\repository\io\micrometer\micrometer-commons\1.12.10\micrometer-commons-1.12.10.jar;C:\repository\org\springframework\spring-webmvc\6.1.13\spring-webmvc-6.1.13.jar;C:\repository\org\springframework\spring-aop\6.1.13\spring-aop-6.1.13.jar;C:\repository\org\springframework\spring-context\6.1.13\spring-context-6.1.13.jar;C:\repository\org\springframework\spring-expression\6.1.13\spring-expression-6.1.13.jar;C:\repository\org\springframework\boot\spring-boot-devtools\3.2.10\spring-boot-devtools-3.2.10.jar;C:\repository\org\springframework\boot\spring-boot\3.2.10\spring-boot-3.2.10.jar;C:\repository\org\springframework\boot\spring-boot-autoconfigure\3.2.10\spring-boot-autoconfigure-3.2.10.jar;C:\repository\org\projectlombok\lombok\1.18.34\lombok-1.18.34.jar;C:\repository\org\springframework\boot\spring-boot-starter-test\3.2.10\spring-boot-starter-test-3.2.10.jar;C:\repository\org\springframework\boot\spring-boot-test\3.2.10\spring-boot-test-3.2.10.jar;C:\repository\org\springframework\boot\spring-boot-test-autoconfigure\3.2.10\spring-boot-test-autoconfigure-3.2.10.jar;C:\repository\com\jayway\jsonpath\json-path\2.9.0\json-path-2.9.0.jar;C:\repository\org\slf4j\slf4j-api\2.0.16\slf4j-api-2.0.16.jar;C:\repository\jakarta\xml\bind\jakarta.xml.bind-api\4.0.2\jakarta.xml.bind-api-4.0.2.jar;C:\repository\jakarta\activation\jakarta.activation-api\2.1.3\jakarta.activation-api-2.1.3.jar;C:\repository\net\minidev\json-smart\2.5.1\json-smart-2.5.1.jar;C:\repository\net\minidev\accessors-smart\2.5.1\accessors-smart-2.5.1.jar;C:\repository\org\ow2\asm\asm\9.6\asm-9.6.jar;C:\repository\org\assertj\assertj-core\3.24.2\assertj-core-3.24.2.jar;C:\repository\net\bytebuddy\byte-buddy\1.14.19\byte-buddy-1.14.19.jar;C:\repository\org\awaitility\awaitility\4.2.2\awaitility-4.2.2.jar;C:\repository\org\hamcrest\hamcrest\2.2\hamcrest-2.2.jar;C:\repository\org\junit\jupiter\junit-jupiter\5.10.3\junit-jupiter-5.10.3.jar;C:\repository\org\junit\jupiter\junit-jupiter-api\5.10.3\junit-jupiter-api-5.10.3.jar;C:\repository\org\opentest4j\opentest4j\1.3.0\opentest4j-1.3.0.jar;C:\repository\org\junit\platform\junit-platform-commons\1.10.3\junit-platform-commons-1.10.3.jar;C:\repository\org\apiguardian\apiguardian-api\1.1.2\apiguardian-api-1.1.2.jar;C:\repository\org\junit\jupiter\junit-jupiter-params\5.10.3\junit-jupiter-params-5.10.3.jar;C:\repository\org\junit\jupiter\junit-jupiter-engine\5.10.3\junit-jupiter-engine-5.10.3.jar;C:\repository\org\junit\platform\junit-platform-engine\1.10.3\junit-platform-engine-1.10.3.jar;C:\repository\org\mockito\mockito-core\5.7.0\mockito-core-5.7.0.jar;C:\repository\net\bytebuddy\byte-buddy-agent\1.14.19\byte-buddy-agent-1.14.19.jar;C:\repository\org\objenesis\objenesis\3.3\objenesis-3.3.jar;C:\repository\org\mockito\mockito-junit-jupiter\5.7.0\mockito-junit-jupiter-5.7.0.jar;C:\repository\org\skyscreamer\jsonassert\1.5.3\jsonassert-1.5.3.jar;C:\repository\com\vaadin\external\google\android-json\0.0.20131108.vaadin1\android-json-0.0.20131108.vaadin1.jar;C:\repository\org\springframework\spring-core\6.1.13\spring-core-6.1.13.jar;C:\repository\org\springframework\spring-jcl\6.1.13\spring-jcl-6.1.13.jar;C:\repository\org\springframework\spring-test\6.1.13\spring-test-6.1.13.jar;C:\repository\org\xmlunit\xmlunit-core\2.9.1\xmlunit-core-2.9.1.jar;"/>
    <property name="sun.cpu.endian" value="little"/>
    <property name="user.home" value="C:\Users\13560"/>
    <property name="user.language" value="zh"/>
    <property name="java.specification.vendor" value="Oracle Corporation"/>
    <property name="java.version.date" value="2024-01-16"/>
    <property name="java.home" value="C:\Program Files\Java\jdk-17"/>
    <property name="file.separator" value="\"/>
    <property name="basedir" value="C:\workspace\docker-demo"/>
    <property name="java.vm.compressedOopsMode" value="Zero based"/>
    <property name="line.separator" value="&#10;"/>
    <property name="java.vm.specification.vendor" value="Oracle Corporation"/>
    <property name="java.specification.name" value="Java Platform API Specification"/>
    <property name="FILE_LOG_CHARSET" value="GBK"/>
    <property name="java.awt.headless" value="true"/>
    <property name="surefire.real.class.path" value="C:\Users\13560\AppData\Local\Temp\surefire11596616337422967664\surefirebooter-20241010144415494_3.jar"/>
    <property name="user.script" value=""/>
    <property name="sun.management.compiler" value="HotSpot 64-Bit Tiered Compilers"/>
    <property name="java.runtime.version" value="17.0.10+11-LTS-240"/>
    <property name="user.name" value="13560"/>
    <property name="path.separator" value=";"/>
    <property name="os.version" value="10.0"/>
    <property name="java.runtime.name" value="Java(TM) SE Runtime Environment"/>
    <property name="file.encoding" value="GBK"/>
    <property name="java.vm.name" value="Java HotSpot(TM) 64-Bit Server VM"/>
    <property name="localRepository" value="C:\repository"/>
    <property name="java.vendor.url.bug" value="https://bugreport.java.com/bugreport/"/>
    <property name="java.io.tmpdir" value="C:\Users\13560\AppData\Local\Temp\"/>
    <property name="idea.version" value="2024.1"/>
    <property name="java.version" value="17.0.10"/>
    <property name="user.dir" value="C:\workspace\docker-demo"/>
    <property name="os.arch" value="amd64"/>
    <property name="java.vm.specification.name" value="Java Virtual Machine Specification"/>
    <property name="PID" value="14244"/>
    <property name="sun.os.patch.level" value=""/>
    <property name="CONSOLE_LOG_CHARSET" value="GBK"/>
    <property name="native.encoding" value="GBK"/>
    <property name="java.library.path" value="C:\Program Files\Java\jdk-17\bin;C:\Windows\Sun\Java\bin;C:\Windows\system32;C:\Windows;C:\Program Files (x86)\VMware\VMware Workstation\bin\;C:\Program Files\Common Files\Oracle\Java\javapath;C:\Windows\system32;C:\Windows;C:\Windows\System32\Wbem;C:\Windows\System32\WindowsPowerShell\v1.0\;C:\Windows\System32\OpenSSH\;C:\tools\apache-maven-4.0.0-alpha-13\bin;C:\Windows\system32;C:\Program Files\Git\cmd;C:\Program Files\nodejs\;C:\ProgramData\chocolatey\bin;C:\Program Files\Vagrant\bin;C:\tools;C:\Program Files\Docker\Docker\resources\bin;C:\Program Files\Java\jdk-17\bin;C:\Program Files (x86)\Go\bin;C:\Program Files (x86)\Tencent\微信web开发者工具\dll;C:\Users\13560\Documents\WXWork\1688857621536856\Cache\File\2024-09;C:\Users\13560\AppData\Local\Microsoft\WindowsApps;;C:\Users\13560\AppData\Local\JetBrains\IntelliJ IDEA 2024.1\bin;;C:\Users\13560\AppData\Roaming\npm;C:\Users\13560\AppData\Local\Programs\Microsoft VS Code\bin;C:\Users\13560\go\bin;."/>
    <property name="java.vm.info" value="mixed mode, sharing"/>
    <property name="java.vendor" value="Oracle Corporation"/>
    <property name="java.vm.version" value="17.0.10+11-LTS-240"/>
    <property name="sun.io.unicode.encoding" value="UnicodeLittle"/>
    <property name="maven.repo.local" value="C:\repository"/>
    <property name="java.class.version" value="61.0"/>
    <property name="LOGGED_APPLICATION_NAME" value="[docker-demo] "/>
  </properties>
  <testcase name="contextLoads" classname="com.it.reee.DockerDemoApplicationTests" time="1.289">
    <system-out><![CDATA[14:44:16.864 [main] INFO org.springframework.test.context.support.AnnotationConfigContextLoaderUtils -- Could not detect default configuration classes for test class [com.it.reee.DockerDemoApplicationTests]: DockerDemoApplicationTests does not declare any static, non-private, non-final, nested classes annotated with @Configuration.
14:44:17.077 [main] INFO org.springframework.boot.test.context.SpringBootTestContextBootstrapper -- Found @SpringBootConfiguration com.it.reee.DockerDemoApplication for test class com.it.reee.DockerDemoApplicationTests
14:44:17.380 [main] INFO org.springframework.boot.devtools.restart.RestartApplicationListener -- Restart disabled due to context in which it is running

  .   ____          _            __ _ _
 /\\ / ___'_ __ _ _(_)_ __  __ _ \ \ \ \
( ( )\___ | '_ | '_| | '_ \/ _` | \ \ \ \
 \\/  ___)| |_)| | | | | || (_| |  ) ) ) )
  '  |____| .__|_| |_|_| |_\__, | / / / /
 =========|_|==============|___/=/_/_/_/
 :: Spring Boot ::               (v3.2.10)

2024-10-10T14:44:17.792+08:00  INFO 14244 --- [docker-demo] [           main] com.it.reee.DockerDemoApplicationTests   : Starting DockerDemoApplicationTests using Java 17.0.10 with PID 14244 (started by 13560 in C:\workspace\docker-demo)
2024-10-10T14:44:17.794+08:00  INFO 14244 --- [docker-demo] [           main] com.it.reee.DockerDemoApplicationTests   : No active profile set, falling back to 1 default profile: "default"
2024-10-10T14:44:20.280+08:00  INFO 14244 --- [docker-demo] [           main] com.it.reee.DockerDemoApplicationTests   : Started DockerDemoApplicationTests in 2.919 seconds (process running for 4.398)
]]></system-out>
  </testcase>
</testsuite>